Solver command line: ['/usr/local/bin/gurobi.sh']

Set parameter Username
Academic license - for non-commercial use only - expires 2024-08-14
Read LP format model from file /var/folders/5f/nmqydr1d4jv76vhtqyys2b8c0000gn/T/tmpr0begeq7.pyomo.lp
Reading time = 0.28 seconds
x1: 183954 rows, 105120 columns, 376664 nonzeros
Gurobi Optimizer version 10.0.2 build v10.0.2rc0 (mac64[rosetta2])

CPU model: Apple M2
Thread count: 8 physical cores, 8 logical processors, using up to 8 threads

Optimize a model with 183954 rows, 105120 columns and 376664 nonzeros
Model fingerprint: 0x40928e27
Coefficient statistics:
  Matrix range     [2e-01, 9e+04]
  Objective range  [5e-05, 1e+03]
  Bounds range     [0e+00, 0e+00]
  RHS range        [4e+01, 2e+07]
Presolve removed 96359 rows and 26282 columns
Presolve time: 0.13s
Presolved: 87595 rows, 78838 columns, 254024 nonzeros

Concurrent LP optimizer: primal simplex, dual simplex, and barrier
Showing barrier log only...

Ordering time: 0.02s

Barrier statistics:
 Dense cols : 3
 AA' NZ     : 3.504e+05
 Factor NZ  : 1.407e+06 (roughly 80 MB of memory)
 Factor Ops : 2.352e+07 (less than 1 second per iteration)
 Threads    : 6

                  Objective                Residual
Iter       Primal          Dual         Primal    Dual     Compl     Time
   0  -1.59132169e+09  1.46174275e+10  3.03e+05 9.45e-01  3.27e+06     0s
   1  -6.77207684e+07  1.37660732e+10  4.78e+04 2.19e+00  5.59e+05     0s
   2   1.37341022e+08  5.33415363e+09  4.23e+03 2.27e-01  7.09e+04     1s
   3   1.66300910e+08  8.54961017e+08  1.25e-07 2.79e-03  4.26e+03     1s
   4   2.17263846e+08  3.54803970e+08  8.36e-08 3.29e-04  8.12e+02     1s
   5   2.45257607e+08  3.26924089e+08  5.35e-08 2.29e-04  4.77e+02     1s
   6   2.54399864e+08  2.90788009e+08  4.01e-08 6.01e-05  2.10e+02     1s
   7   2.63118875e+08  2.88841282e+08  7.65e-08 4.69e-05  1.48e+02     1s
   8   2.69153186e+08  2.82252598e+08  4.65e-08 3.62e-06  7.52e+01     1s
   9   2.72400326e+08  2.80115359e+08  5.36e-08 5.55e-16  4.41e+01     2s
  10   2.74727573e+08  2.79439431e+08  1.76e-07 8.88e-16  2.69e+01     2s
  11   2.75956723e+08  2.79267946e+08  1.45e-07 4.44e-16  1.89e+01     2s
  12   2.76832111e+08  2.79044355e+08  1.47e-07 2.22e-16  1.26e+01     2s
  13   2.77621543e+08  2.78900099e+08  1.83e-07 4.44e-16  7.30e+00     2s
  14   2.78134396e+08  2.78776404e+08  1.41e-07 3.33e-16  3.67e+00     2s
  15   2.78416432e+08  2.78705541e+08  3.98e-07 4.44e-16  1.65e+00     3s
  16   2.78508779e+08  2.78684790e+08  2.37e-07 4.44e-16  1.00e+00     3s
  17   2.78574867e+08  2.78676134e+08  1.29e-07 4.44e-16  5.78e-01     3s
  18   2.78598259e+08  2.78669449e+08  9.08e-08 4.44e-16  4.06e-01     3s
  19   2.78617956e+08  2.78662502e+08  5.83e-08 4.44e-16  2.54e-01     3s
  20   2.78631987e+08  2.78659168e+08  3.41e-08 4.44e-16  1.55e-01     3s
  21   2.78641910e+08  2.78657439e+08  1.80e-08 4.44e-16  8.86e-02     4s
  22   2.78646888e+08  2.78655265e+08  9.79e-09 4.44e-16  4.78e-02     4s
  23   2.78650255e+08  2.78654432e+08  4.34e-09 4.44e-16  2.38e-02     4s
  24   2.78651230e+08  2.78653953e+08  2.81e-09 2.22e-16  1.55e-02     4s
  25   2.78652117e+08  2.78653593e+08  1.52e-09 4.44e-16  8.43e-03     4s
  26   2.78652645e+08  2.78653460e+08  7.42e-10 4.44e-16  4.65e-03     4s
  27   2.78652867e+08  2.78653350e+08  4.00e-10 4.44e-16  2.76e-03     4s
  28   2.78652986e+08  2.78653245e+08  2.33e-10 4.44e-16  1.48e-03     5s
  29   2.78653127e+08  2.78653169e+08  7.28e-11 6.38e-16  2.42e-04     5s
  30   2.78653148e+08  2.78653153e+08  3.15e-10 2.93e-14  2.81e-05     5s
  31   2.78653150e+08  2.78653151e+08  1.25e-09 7.11e-14  2.42e-06     6s
  32   2.78653150e+08  2.78653150e+08  7.79e-10 1.60e-13  1.98e-09     6s

Barrier solved model in 32 iterations and 5.67 seconds (1.58 work units)
Optimal objective 2.78653150e+08

Crossover log...

   12454 DPushes remaining with DInf 0.0000000e+00                 6s
       0 DPushes remaining with DInf 0.0000000e+00                 6s

    3114 PPushes remaining with PInf 1.9003727e-05                 6s
       0 PPushes remaining with PInf 0.0000000e+00                 6s

  Push phase complete: Pinf 0.0000000e+00, Dinf 1.8015181e-12      6s


Solved with barrier
Iteration    Objective       Primal Inf.    Dual Inf.      Time
    8295    2.7865315e+08   0.000000e+00   0.000000e+00      6s

Solved in 8295 iterations and 6.12 seconds (2.21 work units)
Optimal objective  2.786531503e+08

