\BOOKMARK [1][]{section.1}{\376\377\000I\000n\000t\000r\000o\000d\000u\000c\000t\000i\000o\000n}{}% 1
\BOOKMARK [1][]{section.2}{\376\377\000M\000a\000t\000e\000r\000i\000a\000l\000s\000\040\000a\000n\000d\000\040\000M\000e\000t\000h\000o\000d\000s}{}% 2
\BOOKMARK [2][]{subsection.2.1}{\376\377\000C\000y\000c\000l\000e\000\040\000C\000o\000m\000p\000o\000n\000e\000n\000t\000\040\000M\000o\000d\000e\000l\000i\000n\000g}{section.2}% 3
\BOOKMARK [3][]{subsubsection.2.1.1}{\376\377\000T\000u\000r\000b\000i\000n\000e\000s\000\040\000a\000n\000d\000\040\000C\000o\000m\000p\000r\000e\000s\000s\000o\000r\000s\000\040}{subsection.2.1}% 4
\BOOKMARK [3][]{subsubsection.2.1.2}{\376\377\000B\000l\000a\000c\000k\000\040\000B\000o\000x\000\040\000a\000n\000d\000\040\000C\000o\000u\000n\000t\000e\000r\000\040\000F\000l\000o\000w\000\040\000H\000e\000a\000t\000\040\000E\000x\000c\000h\000a\000n\000g\000e\000r\000s}{subsection.2.1}% 5
\BOOKMARK [3][]{subsubsection.2.1.3}{\376\377\000L\000e\000a\000d\000-\000C\000o\000o\000l\000e\000d\000\040\000F\000a\000s\000t\000\040\000R\000e\000a\000c\000t\000o\000r}{subsection.2.1}% 6
\BOOKMARK [3][]{subsubsection.2.1.4}{\376\377\000C\000o\000n\000c\000e\000n\000t\000r\000a\000t\000i\000n\000g\000\040\000S\000o\000l\000a\000r\000\040\000P\000o\000w\000e\000r\000\040\000C\000y\000c\000l\000e}{subsection.2.1}% 7
\BOOKMARK [2][]{subsection.2.2}{\376\377\000G\000e\000n\000e\000r\000a\000l\000i\000z\000a\000t\000i\000o\000n\000\040\000o\000f\000\040\000C\000y\000c\000l\000e\000\040\000M\000o\000d\000e\000l\000i\000n\000g}{section.2}% 8
\BOOKMARK [2][]{subsection.2.3}{\376\377\000N\000o\000n\000-\000C\000h\000a\000r\000g\000i\000n\000g\000\040\000C\000y\000c\000l\000e\000\040\000C\000o\000n\000f\000i\000g\000u\000r\000a\000t\000i\000o\000n\000s}{section.2}% 9
\BOOKMARK [3][]{subsubsection.2.3.1}{\376\377\000T\000w\000o\000-\000C\000y\000c\000l\000e\000\040\000C\000o\000n\000f\000i\000g\000u\000r\000a\000t\000i\000o\000n\000:\000\040\000C\000-\000L\000F\000R\000-\000O\000N\000\040\000a\000n\000d\000\040\000C\000-\000C\000S\000P\000-\000O\000N}{subsection.2.3}% 10
\BOOKMARK [3][]{subsubsection.2.3.2}{\376\377\000C\000-\0001\000H\000T\000R\0001\000T\000-\000O\000N}{subsection.2.3}% 11
\BOOKMARK [3][]{subsubsection.2.3.3}{\376\377\000C\000-\0002\000H\000T\000R\0003\000T\000-\000O\000N}{subsection.2.3}% 12
\BOOKMARK [2][]{subsection.2.4}{\376\377\000T\000h\000e\000r\000m\000a\000l\000\040\000E\000n\000e\000r\000g\000y\000\040\000S\000t\000o\000r\000a\000g\000e\000\040\000C\000h\000a\000r\000g\000i\000n\000g\000\040\000T\000e\000c\000h\000n\000i\000q\000u\000e\000s}{section.2}% 13
\BOOKMARK [3][]{subsubsection.2.4.1}{\376\377\000C\000-\000L\000F\000R\000-\000P\000R\000E}{subsection.2.4}% 14
\BOOKMARK [3][]{subsubsection.2.4.2}{\376\377\000C\000-\000L\000F\000R\000-\000P\000O\000S\000T}{subsection.2.4}% 15
\BOOKMARK [3][]{subsubsection.2.4.3}{\376\377\000C\000-\000L\000F\000R\000-\000P\000A\000R}{subsection.2.4}% 16
\BOOKMARK [3][]{subsubsection.2.4.4}{\376\377\000C\000-\000L\000F\000R\000-\000C\000I\000R\000C}{subsection.2.4}% 17
\BOOKMARK [1][]{section.3}{\376\377\000R\000e\000s\000u\000l\000t\000s}{}% 18
\BOOKMARK [2][]{subsection.3.1}{\376\377\000N\000o\000n\000-\000C\000h\000a\000r\000g\000i\000n\000g\000\040\000C\000y\000c\000l\000e\000\040\000C\000o\000n\000f\000i\000g\000u\000r\000a\000t\000i\000o\000n\000s}{section.3}% 19
\BOOKMARK [3][]{subsubsection.3.1.1}{\376\377\000C\000-\000L\000F\000R\000-\000O\000N\000\040\000a\000n\000d\000\040\000C\000-\000C\000S\000P\000-\000O\000N}{subsection.3.1}% 20
\BOOKMARK [3][]{subsubsection.3.1.2}{\376\377\000C\000-\0001\000H\000T\000R\0001\000T\000-\000O\000N}{subsection.3.1}% 21
\BOOKMARK [3][]{subsubsection.3.1.3}{\376\377\000C\000-\0002\000H\000T\000R\0003\000T\000-\000O\000N}{subsection.3.1}% 22
\BOOKMARK [2][]{subsection.3.2}{\376\377\000T\000h\000e\000r\000m\000a\000l\000\040\000E\000n\000e\000r\000g\000y\000\040\000S\000t\000o\000r\000a\000g\000e\000\040\000C\000h\000a\000r\000g\000i\000n\000g\000\040\000T\000e\000c\000h\000n\000i\000q\000u\000e\000s}{section.3}% 23
\BOOKMARK [3][]{subsubsection.3.2.1}{\376\377\000C\000-\000L\000F\000R\000-\000P\000R\000E}{subsection.3.2}% 24
\BOOKMARK [3][]{subsubsection.3.2.2}{\376\377\000C\000-\000L\000F\000R\000-\000P\000O\000S\000T}{subsection.3.2}% 25
\BOOKMARK [3][]{subsubsection.3.2.3}{\376\377\000C\000-\000L\000F\000R\000-\000P\000A\000R}{subsection.3.2}% 26
\BOOKMARK [3][]{subsubsection.3.2.4}{\376\377\000C\000-\000L\000F\000R\000-\000C\000I\000R\000C}{subsection.3.2}% 27
\BOOKMARK [1][]{section.4}{\376\377\000D\000i\000s\000c\000u\000s\000s\000i\000o\000n}{}% 28
\BOOKMARK [1][]{section.5}{\376\377\000C\000o\000n\000c\000l\000u\000s\000i\000o\000n\000s}{}% 29
\BOOKMARK [1][]{section.6}{\376\377\000h\000o\000w\000\040\000t\000o\000\040\000u\000s\000e}{}% 30
\BOOKMARK [2][]{subsection.6.1}{\376\377\000S\000u\000b\000s\000e\000c\000t\000i\000o\000n}{section.6}% 31
\BOOKMARK [3][]{subsubsection.6.1.1}{\376\377\000S\000u\000b\000s\000u\000b\000s\000e\000c\000t\000i\000o\000n}{subsection.6.1}% 32
\BOOKMARK [2][]{subsection.6.2}{\376\377\000F\000i\000g\000u\000r\000e\000s\000,\000\040\000T\000a\000b\000l\000e\000s\000\040\000a\000n\000d\000\040\000S\000c\000h\000e\000m\000e\000s}{section.6}% 33
\BOOKMARK [2][]{subsection.6.3}{\376\377\000F\000o\000r\000m\000a\000t\000t\000i\000n\000g\000\040\000o\000f\000\040\000M\000a\000t\000h\000e\000m\000a\000t\000i\000c\000a\000l\000\040\000C\000o\000m\000p\000o\000n\000e\000n\000t\000s}{section.6}% 34
\BOOKMARK [1][]{equation.0.8}{\376\377\000R\000e\000f\000e\000r\000e\000n\000c\000e\000s}{}% 1
