Solver command line: ['/usr/local/bin/gurobi.sh']

Set parameter Username
Academic license - for non-commercial use only - expires 2024-08-14
Read LP format model from file /var/folders/5f/nmqydr1d4jv76vhtqyys2b8c0000gn/T/tmpsfdebw2f.pyomo.lp
Reading time = 0.27 seconds
x1: 183954 rows, 105120 columns, 376664 nonzeros
Gurobi Optimizer version 10.0.2 build v10.0.2rc0 (mac64[rosetta2])

CPU model: Apple M2
Thread count: 8 physical cores, 8 logical processors, using up to 8 threads

Optimize a model with 183954 rows, 105120 columns and 376664 nonzeros
Model fingerprint: 0x49750964
Coefficient statistics:
  Matrix range     [2e-01, 9e+04]
  Objective range  [5e-05, 1e+03]
  Bounds range     [0e+00, 0e+00]
  RHS range        [8e+01, 2e+07]
Presolve removed 96359 rows and 26282 columns
Presolve time: 0.11s
Presolved: 87595 rows, 78838 columns, 254024 nonzeros

Concurrent LP optimizer: primal simplex, dual simplex, and barrier
Showing barrier log only...

Ordering time: 0.01s

Barrier statistics:
 Dense cols : 3
 AA' NZ     : 3.504e+05
 Factor NZ  : 1.407e+06 (roughly 80 MB of memory)
 Factor Ops : 2.352e+07 (less than 1 second per iteration)
 Threads    : 6

                  Objective                Residual
Iter       Primal          Dual         Primal    Dual     Compl     Time
   0  -1.51568296e+09  2.11427737e+10  4.05e+05 1.75e+00  5.92e+06     0s
   1   1.50257956e+08  2.32516439e+10  6.38e+04 1.77e+00  7.85e+05     0s
   2   3.40200143e+08  9.11850395e+09  3.16e+02 1.42e-01  7.22e+04     1s
   3   3.71955147e+08  8.32633733e+08  9.80e-08 4.31e-03  3.25e+03     1s
   4   4.50565278e+08  6.28558484e+08  3.91e-08 7.14e-04  1.12e+03     1s
   5   5.01320420e+08  5.98898182e+08  1.96e-08 5.14e-04  6.00e+02     1s
   6   5.20412526e+08  5.79129848e+08  4.99e-08 2.06e-04  3.51e+02     1s
   7   5.35328080e+08  5.70696772e+08  4.55e-08 8.85e-05  2.09e+02     1s
   8   5.44246304e+08  5.65100613e+08  4.52e-08 2.54e-05  1.21e+02     1s
   9   5.50070481e+08  5.62120228e+08  7.76e-08 2.23e-06  6.96e+01     2s
  10   5.54444103e+08  5.61032589e+08  9.69e-08 8.88e-16  3.79e+01     2s
  11   5.56776598e+08  5.60446236e+08  2.10e-07 8.88e-16  2.11e+01     2s
  12   5.57996677e+08  5.60050322e+08  1.68e-07 8.88e-16  1.18e+01     2s
  13   5.58448064e+08  5.59815624e+08  1.53e-07 8.88e-16  7.84e+00     2s
  14   5.58794595e+08  5.59643997e+08  4.72e-07 8.88e-16  4.86e+00     2s
  15   5.59018767e+08  5.59573891e+08  9.66e-07 8.88e-16  3.18e+00     2s
  16   5.59183276e+08  5.59529403e+08  1.24e-06 4.44e-16  1.98e+00     2s
  17   5.59254174e+08  5.59515168e+08  9.13e-07 8.88e-16  1.49e+00     3s
  18   5.59311315e+08  5.59495973e+08  6.60e-07 8.88e-16  1.06e+00     3s
  19   5.59352404e+08  5.59483189e+08  4.89e-07 4.44e-16  7.48e-01     3s
  20   5.59380321e+08  5.59477014e+08  3.54e-07 4.44e-16  5.53e-01     3s
  21   5.59397157e+08  5.59471489e+08  2.78e-07 8.88e-16  4.25e-01     3s
  22   5.59409817e+08  5.59467884e+08  2.20e-07 8.88e-16  3.32e-01     3s
  23   5.59425671e+08  5.59465179e+08  1.46e-07 4.44e-16  2.26e-01     4s
  24   5.59438933e+08  5.59462799e+08  8.45e-08 4.44e-16  1.36e-01     4s
  25   5.59446702e+08  5.59461262e+08  4.67e-08 8.88e-16  8.32e-02     4s
  26   5.59450305e+08  5.59459904e+08  3.03e-08 4.44e-16  5.49e-02     4s
  27   5.59453339e+08  5.59459131e+08  1.60e-08 4.44e-16  3.31e-02     4s
  28   5.59454721e+08  5.59458593e+08  9.75e-09 8.88e-16  2.21e-02     4s
  29   5.59455985e+08  5.59458024e+08  4.29e-09 4.44e-16  1.17e-02     5s
  30   5.59456444e+08  5.59457680e+08  2.36e-09 8.88e-16  7.07e-03     5s
  31   5.59456558e+08  5.59457371e+08  1.90e-09 4.44e-16  4.65e-03     5s
  32   5.59456790e+08  5.59457212e+08  9.68e-10 4.44e-16  2.41e-03     5s
  33   5.59456945e+08  5.59457140e+08  3.27e-10 8.88e-16  1.12e-03     5s
  34   5.59457010e+08  5.59457066e+08  8.51e-10 8.88e-16  3.25e-04     6s
  35   5.59457025e+08  5.59457037e+08  2.62e-10 4.44e-16  6.59e-05     6s
  36   5.59457030e+08  5.59457034e+08  4.37e-10 8.88e-16  1.86e-05     6s
  37   5.59457032e+08  5.59457033e+08  1.63e-09 1.78e-15  2.84e-06     6s
  38   5.59457033e+08  5.59457033e+08  1.01e-07 1.02e-13  2.51e-08     6s
  39   5.59457033e+08  5.59457033e+08  9.68e-10 5.00e-12  1.76e-11     6s

Barrier solved model in 39 iterations and 6.35 seconds (1.90 work units)
Optimal objective 5.59457033e+08

Crossover log...

   12425 DPushes remaining with DInf 0.0000000e+00                 6s
       0 DPushes remaining with DInf 0.0000000e+00                 7s

    3371 PPushes remaining with PInf 0.0000000e+00                 7s
       0 PPushes remaining with PInf 0.0000000e+00                 7s

  Push phase complete: Pinf 0.0000000e+00, Dinf 9.3295306e-13      7s


Solved with barrier
Iteration    Objective       Primal Inf.    Dual Inf.      Time
    9113    5.5945703e+08   0.000000e+00   0.000000e+00      7s

Solved in 9113 iterations and 6.96 seconds (2.88 work units)
Optimal objective  5.594570326e+08

