Solver command line: ['/usr/local/bin/gurobi.sh']

Set parameter Username
Academic license - for non-commercial use only - expires 2024-08-14
Read LP format model from file /var/folders/5f/nmqydr1d4jv76vhtqyys2b8c0000gn/T/tmpp1nfc6jb.pyomo.lp
Reading time = 0.27 seconds
x1: 183954 rows, 105120 columns, 376664 nonzeros
Gurobi Optimizer version 10.0.2 build v10.0.2rc0 (mac64[rosetta2])

CPU model: Apple M2
Thread count: 8 physical cores, 8 logical processors, using up to 8 threads

Optimize a model with 183954 rows, 105120 columns and 376664 nonzeros
Model fingerprint: 0xf0ef1b25
Coefficient statistics:
  Matrix range     [2e-01, 9e+04]
  Objective range  [5e-05, 1e+03]
  Bounds range     [0e+00, 0e+00]
  RHS range        [4e+01, 2e+07]
Presolve removed 96359 rows and 26282 columns
Presolve time: 0.12s
Presolved: 87595 rows, 78838 columns, 254024 nonzeros

Concurrent LP optimizer: primal simplex, dual simplex, and barrier
Showing barrier log only...

Ordering time: 0.01s

Barrier statistics:
 Dense cols : 3
 AA' NZ     : 3.504e+05
 Factor NZ  : 1.407e+06 (roughly 80 MB of memory)
 Factor Ops : 2.352e+07 (less than 1 second per iteration)
 Threads    : 6

                  Objective                Residual
Iter       Primal          Dual         Primal    Dual     Compl     Time
   0  -1.09497134e+09  1.46449436e+10  3.03e+05 9.44e-01  3.27e+06     0s
   1   1.82622927e+08  1.38315852e+10  4.72e+04 2.19e+00  5.55e+05     0s
   2   2.07904237e+08  5.35294171e+09  4.30e+03 2.24e-01  7.06e+04     1s
   3   2.22763203e+08  9.77112062e+08  1.80e-07 5.68e-03  4.95e+03     1s
   4   2.75728599e+08  3.90387666e+08  4.25e-08 3.91e-04  6.85e+02     1s
   5   3.20461047e+08  3.54104416e+08  7.42e-08 2.51e-05  1.94e+02     1s
   6   3.30767751e+08  3.49254498e+08  6.58e-08 8.88e-16  1.06e+02     1s
   7   3.34431887e+08  3.47801694e+08  4.33e-08 8.88e-16  7.66e+01     1s
   8   3.36901431e+08  3.46761983e+08  5.72e-08 4.44e-16  5.65e+01     2s
   9   3.38811697e+08  3.45894125e+08  1.42e-07 4.44e-16  4.05e+01     2s
  10   3.39113978e+08  3.45124870e+08  1.49e-07 4.44e-16  3.44e+01     2s
  11   3.41197383e+08  3.44568917e+08  1.36e-07 6.66e-16  1.93e+01     2s
  12   3.41963140e+08  3.44314711e+08  1.01e-07 4.44e-16  1.34e+01     2s
  13   3.42857508e+08  3.44031571e+08  1.20e-07 8.88e-16  6.71e+00     2s
  14   3.43217076e+08  3.43862146e+08  2.00e-07 4.44e-16  3.69e+00     3s
  15   3.43385824e+08  3.43782817e+08  3.38e-07 2.22e-16  2.27e+00     3s
  16   3.43434920e+08  3.43753096e+08  5.85e-07 4.44e-16  1.82e+00     3s
  17   3.43491989e+08  3.43732872e+08  5.39e-07 4.44e-16  1.38e+00     3s
  18   3.43534294e+08  3.43705410e+08  6.80e-07 2.22e-16  9.78e-01     3s
  19   3.43571034e+08  3.43688316e+08  5.05e-07 8.88e-16  6.70e-01     3s
  20   3.43592135e+08  3.43676546e+08  3.60e-07 4.44e-16  4.82e-01     4s
  21   3.43604097e+08  3.43668486e+08  3.18e-07 4.44e-16  3.68e-01     4s
  22   3.43616158e+08  3.43660494e+08  2.21e-07 8.88e-16  2.53e-01     4s
  23   3.43623792e+08  3.43656565e+08  1.60e-07 4.44e-16  1.87e-01     4s
  24   3.43628720e+08  3.43652408e+08  1.21e-07 4.44e-16  1.35e-01     4s
  25   3.43634072e+08  3.43650095e+08  7.64e-08 8.88e-16  9.15e-02     5s
  26   3.43636207e+08  3.43647610e+08  5.99e-08 8.88e-16  6.51e-02     5s
  27   3.43640601e+08  3.43645885e+08  2.53e-08 2.22e-16  3.02e-02     5s
  28   3.43642140e+08  3.43645398e+08  1.40e-08 4.44e-16  1.86e-02     6s
  29   3.43643127e+08  3.43644845e+08  6.32e-09 2.22e-16  9.82e-03     6s
  30   3.43643558e+08  3.43644512e+08  3.04e-09 4.44e-16  5.45e-03     6s
  31   3.43643766e+08  3.43644424e+08  1.56e-09 4.44e-16  3.76e-03     6s
  32   3.43643868e+08  3.43644208e+08  8.59e-10 4.44e-16  1.94e-03     6s
  33   3.43643927e+08  3.43644111e+08  4.29e-10 4.44e-16  1.05e-03     7s
  34   3.43643965e+08  3.43644091e+08  1.89e-10 8.88e-16  7.21e-04     7s
  35   3.43643986e+08  3.43644031e+08  1.31e-10 1.42e-15  2.58e-04     7s
  36   3.43643997e+08  3.43643999e+08  8.73e-11 2.61e-15  1.57e-05     7s
  37   3.43643998e+08  3.43643998e+08  3.64e-10 1.99e-13  6.98e-07     7s
  38   3.43643998e+08  3.43643998e+08  2.90e-09 8.96e-14  7.31e-10     7s

Barrier solved model in 38 iterations and 7.43 seconds (1.81 work units)
Optimal objective 3.43643998e+08

Crossover log...

   12065 DPushes remaining with DInf 0.0000000e+00                 7s
       0 DPushes remaining with DInf 0.0000000e+00                 8s

    2902 PPushes remaining with PInf 0.0000000e+00                 8s
       0 PPushes remaining with PInf 0.0000000e+00                 8s

  Push phase complete: Pinf 0.0000000e+00, Dinf 1.7888767e-12      8s


Solved with barrier
Iteration    Objective       Primal Inf.    Dual Inf.      Time
    8440    3.4364400e+08   0.000000e+00   0.000000e+00      8s

Solved in 8440 iterations and 8.07 seconds (2.65 work units)
Optimal objective  3.436439977e+08

