Solver command line: ['/usr/local/bin/gurobi.sh']

Set parameter Username
Academic license - for non-commercial use only - expires 2024-08-14
Read LP format model from file /var/folders/5f/nmqydr1d4jv76vhtqyys2b8c0000gn/T/tmplfe8ozf2.pyomo.lp
Reading time = 0.28 seconds
x1: 183954 rows, 105120 columns, 376664 nonzeros
Gurobi Optimizer version 10.0.2 build v10.0.2rc0 (mac64[rosetta2])

CPU model: Apple M2
Thread count: 8 physical cores, 8 logical processors, using up to 8 threads

Optimize a model with 183954 rows, 105120 columns and 376664 nonzeros
Model fingerprint: 0x192ca12b
Coefficient statistics:
  Matrix range     [2e-01, 9e+04]
  Objective range  [5e-05, 1e+03]
  Bounds range     [0e+00, 0e+00]
  RHS range        [8e+01, 2e+07]
Presolve removed 96359 rows and 26282 columns
Presolve time: 0.12s
Presolved: 87595 rows, 78838 columns, 254024 nonzeros

Concurrent LP optimizer: primal simplex, dual simplex, and barrier
Showing barrier log only...

Ordering time: 0.01s

Barrier statistics:
 Dense cols : 3
 AA' NZ     : 3.504e+05
 Factor NZ  : 1.407e+06 (roughly 80 MB of memory)
 Factor Ops : 2.352e+07 (less than 1 second per iteration)
 Threads    : 6

                  Objective                Residual
Iter       Primal          Dual         Primal    Dual     Compl     Time
   0  -1.51800547e+09  2.11387145e+10  4.05e+05 1.75e+00  5.92e+06     0s
   1   1.45144746e+08  2.32473518e+10  6.38e+04 1.77e+00  7.85e+05     0s
   2   3.34580374e+08  9.10906663e+09  3.16e+02 1.41e-01  7.20e+04     1s
   3   3.66323056e+08  8.13654743e+08  2.22e-07 4.07e-03  3.13e+03     1s
   4   4.47830758e+08  6.20338862e+08  9.90e-08 3.84e-04  1.07e+03     1s
   5   5.07619655e+08  5.87675873e+08  4.14e-08 2.56e-04  4.81e+02     1s
   6   5.24296986e+08  5.78954059e+08  9.68e-08 1.38e-04  3.25e+02     1s
   7   5.33931437e+08  5.72680936e+08  7.43e-08 6.23e-05  2.28e+02     1s
   8   5.38143358e+08  5.68775261e+08  5.59e-08 2.94e-05  1.79e+02     1s
   9   5.44039203e+08  5.64870584e+08  4.52e-08 8.88e-16  1.21e+02     2s
  10   5.49120852e+08  5.62392697e+08  4.47e-08 8.88e-16  7.68e+01     2s
  11   5.51583184e+08  5.61359223e+08  3.05e-08 8.88e-16  5.65e+01     2s
  12   5.54020862e+08  5.60121582e+08  4.02e-08 8.88e-16  3.52e+01     2s
  13   5.55815805e+08  5.59186339e+08  4.57e-08 8.88e-16  1.94e+01     2s
  14   5.56995608e+08  5.58460370e+08  6.73e-08 1.78e-15  8.41e+00     2s
  15   5.57475658e+08  5.58231950e+08  1.20e-07 1.78e-15  4.34e+00     2s
  16   5.57691752e+08  5.58163505e+08  1.62e-07 8.88e-16  2.71e+00     2s
  17   5.57786126e+08  5.58104999e+08  2.54e-07 8.88e-16  1.83e+00     3s
  18   5.57850853e+08  5.58072039e+08  4.07e-07 8.88e-16  1.27e+00     3s
  19   5.57892665e+08  5.58053502e+08  5.55e-07 8.88e-16  9.22e-01     3s
  20   5.57922879e+08  5.58026525e+08  9.08e-07 8.88e-16  5.94e-01     3s
  21   5.57944469e+08  5.58016515e+08  6.14e-07 8.88e-16  4.13e-01     3s
  22   5.57962917e+08  5.58004063e+08  3.55e-07 8.88e-16  2.36e-01     3s
  23   5.57975857e+08  5.57998005e+08  1.82e-07 8.88e-16  1.27e-01     3s
  24   5.57981833e+08  5.57995289e+08  1.02e-07 8.88e-16  7.71e-02     4s
  25   5.57984821e+08  5.57993312e+08  6.16e-08 8.88e-16  4.86e-02     4s
  26   5.57985997e+08  5.57991598e+08  4.63e-08 8.88e-16  3.21e-02     4s
  27   5.57987606e+08  5.57990883e+08  2.52e-08 8.88e-16  1.88e-02     4s
  28   5.57988865e+08  5.57990264e+08  8.80e-09 8.88e-16  8.01e-03     4s
  29   5.57989361e+08  5.57989853e+08  3.03e-09 8.88e-16  2.82e-03     4s
  30   5.57989505e+08  5.57989702e+08  1.37e-09 8.88e-16  1.13e-03     5s
  31   5.57989581e+08  5.57989654e+08  5.38e-10 1.33e-15  4.18e-04     5s
  32   5.57989617e+08  5.57989638e+08  1.75e-10 6.99e-15  1.17e-04     5s
  33   5.57989628e+08  5.57989634e+08  1.16e-10 3.69e-13  3.71e-05     5s
  34   5.57989634e+08  5.57989634e+08  7.06e-10 3.77e-12  1.32e-06     5s
  35   5.57989634e+08  5.57989634e+08  2.46e-08 1.05e-12  4.07e-09     5s

Barrier solved model in 35 iterations and 5.45 seconds (1.67 work units)
Optimal objective 5.57989634e+08

Crossover log...

   12786 DPushes remaining with DInf 0.0000000e+00                 6s
       0 DPushes remaining with DInf 0.0000000e+00                 6s

    9030 PPushes remaining with PInf 1.6770200e-03                 6s
       0 PPushes remaining with PInf 0.0000000e+00                 6s

  Push phase complete: Pinf 0.0000000e+00, Dinf 1.4481686e-01      6s

Iteration    Objective       Primal Inf.    Dual Inf.      Time
   17314    5.5798963e+08   0.000000e+00   1.448169e-01      6s

Solved with barrier
   17388    5.5798963e+08   0.000000e+00   0.000000e+00      6s

Solved in 17388 iterations and 6.25 seconds (3.00 work units)
Optimal objective  5.579896340e+08

