Solver command line: ['/usr/local/bin/gurobi.sh']

Set parameter Username
Academic license - for non-commercial use only - expires 2024-08-14
Read LP format model from file /var/folders/5f/nmqydr1d4jv76vhtqyys2b8c0000gn/T/tmp0y3x9e_1.pyomo.lp
Reading time = 0.26 seconds
x105121: 166437 rows, 105121 columns, 324111 nonzeros
Gurobi Optimizer version 10.0.2 build v10.0.2rc0 (mac64[rosetta2])

CPU model: Apple M2
Thread count: 8 physical cores, 8 logical processors, using up to 8 threads

Optimize a model with 166437 rows, 105121 columns and 324111 nonzeros
Model fingerprint: 0x05e3c413
Coefficient statistics:
  Matrix range     [2e-01, 9e+04]
  Objective range  [5e-05, 1e+03]
  Bounds range     [0e+00, 0e+00]
  RHS range        [1e+00, 2e+07]
Presolve removed 96361 rows and 43802 columns
Presolve time: 0.10s
Presolved: 70076 rows, 61319 columns, 192708 nonzeros

Concurrent LP optimizer: primal simplex, dual simplex, and barrier
Showing barrier log only...

Ordering time: 0.01s

Barrier statistics:
 Dense cols : 3
 AA' NZ     : 2.277e+05
 Factor NZ  : 1.086e+06 (roughly 60 MB of memory)
 Factor Ops : 1.832e+07 (less than 1 second per iteration)
 Threads    : 6

                  Objective                Residual
Iter       Primal          Dual         Primal    Dual     Compl     Time
   0  -8.49302701e+08  1.36406097e+10  1.57e+05 5.85e-01  3.87e+06     0s
   1   2.40620144e+07  1.71668091e+10  4.20e+04 2.50e+00  5.48e+05     0s
   2   1.21952950e+08  6.27322886e+09  1.43e+02 7.68e-02  4.49e+04     0s
   3   1.46541393e+08  5.55861150e+08  1.85e-09 2.83e-03  2.74e+03     1s
   4   2.11793235e+08  3.64483557e+08  1.32e-09 8.09e-04  1.01e+03     1s
   5   2.37896693e+08  2.97171845e+08  6.75e-10 1.26e-04  3.84e+02     1s
   6   2.52414548e+08  2.83027008e+08  3.71e-10 2.93e-05  1.98e+02     1s
   7   2.58527848e+08  2.69718762e+08  1.82e-10 1.78e-15  7.15e+01     1s
   8   2.61122812e+08  2.68587301e+08  1.16e-10 8.88e-16  4.77e+01     1s
   9   2.63257787e+08  2.66805447e+08  6.18e-11 8.88e-16  2.26e+01     1s
  10   2.64478552e+08  2.66033622e+08  2.15e-10 8.88e-16  9.91e+00     1s
  11   2.64899500e+08  2.65763220e+08  5.42e-10 8.88e-16  5.50e+00     1s
  12   2.65137490e+08  2.65663714e+08  2.71e-09 8.88e-16  3.35e+00     1s
  13   2.65268323e+08  2.65604532e+08  4.14e-09 4.44e-16  2.14e+00     1s
  14   2.65349336e+08  2.65567008e+08  6.02e-09 8.88e-16  1.39e+00     2s
  15   2.65408817e+08  2.65517218e+08  1.08e-08 8.88e-16  6.89e-01     2s
  16   2.65436474e+08  2.65505077e+08  2.59e-08 8.88e-16  4.36e-01     2s
  17   2.65459631e+08  2.65497595e+08  2.70e-08 4.44e-16  2.41e-01     2s
  18   2.65467982e+08  2.65491202e+08  1.16e-07 4.44e-16  1.48e-01     2s
  19   2.65473987e+08  2.65487645e+08  7.46e-08 8.88e-16  8.67e-02     2s
  20   2.65477371e+08  2.65486883e+08  5.08e-08 8.88e-16  6.04e-02     2s
  21   2.65479244e+08  2.65486249e+08  3.74e-08 8.88e-16  4.45e-02     2s
  22   2.65481041e+08  2.65485419e+08  2.42e-08 8.88e-16  2.78e-02     2s
  23   2.65482572e+08  2.65485092e+08  1.35e-08 8.88e-16  1.60e-02     2s
  24   2.65483398e+08  2.65484876e+08  7.79e-09 8.88e-16  9.38e-03     3s
  25   2.65483916e+08  2.65484717e+08  4.17e-09 8.88e-16  5.08e-03     3s
  26   2.65484342e+08  2.65484639e+08  1.31e-09 8.88e-16  1.88e-03     3s
  27   2.65484486e+08  2.65484588e+08  1.72e-09 8.88e-16  6.46e-04     3s
  28   2.65484534e+08  2.65484557e+08  3.15e-10 1.78e-15  1.48e-04     3s
  29   2.65484539e+08  2.65484550e+08  2.24e-10 8.88e-16  7.09e-05     3s
  30   2.65484544e+08  2.65484546e+08  6.29e-10 5.23e-13  1.13e-05     3s
  31   2.65484546e+08  2.65484546e+08  1.29e-10 1.76e-12  4.23e-08     3s
  32   2.65484546e+08  2.65484546e+08  1.76e-07 1.15e-12  2.67e-09     3s

Barrier solved model in 32 iterations and 3.45 seconds (1.22 work units)
Optimal objective 2.65484546e+08

Crossover log...

    6704 DPushes remaining with DInf 0.0000000e+00                 3s
       0 DPushes remaining with DInf 0.0000000e+00                 4s

    8555 PPushes remaining with PInf 5.4819684e-05                 4s
       0 PPushes remaining with PInf 0.0000000e+00                 4s

  Push phase complete: Pinf 0.0000000e+00, Dinf 4.2331653e-02      4s

Iteration    Objective       Primal Inf.    Dual Inf.      Time
   12053    2.6548455e+08   0.000000e+00   4.233165e-02      4s

Solved with barrier
   12054    2.6548455e+08   0.000000e+00   0.000000e+00      4s

Solved in 12054 iterations and 3.77 seconds (1.68 work units)
Optimal objective  2.654845456e+08

