Solver command line: ['/usr/local/bin/gurobi.sh']

Set parameter Username
Academic license - for non-commercial use only - expires 2024-08-14
Read LP format model from file /var/folders/5f/nmqydr1d4jv76vhtqyys2b8c0000gn/T/tmps895rdok.pyomo.lp
Reading time = 0.27 seconds
x1: 183954 rows, 105120 columns, 376664 nonzeros
Gurobi Optimizer version 10.0.2 build v10.0.2rc0 (mac64[rosetta2])

CPU model: Apple M2
Thread count: 8 physical cores, 8 logical processors, using up to 8 threads

Optimize a model with 183954 rows, 105120 columns and 376664 nonzeros
Model fingerprint: 0x5fbed23a
Coefficient statistics:
  Matrix range     [2e-01, 9e+04]
  Objective range  [5e-05, 1e+03]
  Bounds range     [0e+00, 0e+00]
  RHS range        [4e+01, 2e+07]
Presolve removed 96359 rows and 26282 columns
Presolve time: 0.11s
Presolved: 87595 rows, 78838 columns, 254024 nonzeros

Concurrent LP optimizer: primal simplex, dual simplex, and barrier
Showing barrier log only...

Ordering time: 0.01s

Barrier statistics:
 Dense cols : 3
 AA' NZ     : 3.504e+05
 Factor NZ  : 1.407e+06 (roughly 80 MB of memory)
 Factor Ops : 2.352e+07 (less than 1 second per iteration)
 Threads    : 6

                  Objective                Residual
Iter       Primal          Dual         Primal    Dual     Compl     Time
   0  -1.59479358e+09  1.46086781e+10  3.03e+05 9.44e-01  3.27e+06     0s
   1  -7.48797792e+07  1.37578008e+10  4.78e+04 2.19e+00  5.59e+05     0s
   2   1.29456552e+08  5.32650205e+09  4.23e+03 2.26e-01  7.07e+04     1s
   3   1.59039188e+08  8.51966924e+08  3.56e-08 2.57e-03  4.28e+03     1s
   4   2.14835665e+08  3.50879800e+08  4.24e-08 1.69e-04  8.00e+02     1s
   5   2.45156888e+08  3.19962043e+08  1.91e-08 9.24e-05  4.35e+02     1s
   6   2.55253597e+08  2.89369966e+08  1.50e-08 8.88e-16  1.97e+02     1s
   7   2.60933535e+08  2.88672391e+08  1.23e-08 2.44e-05  1.60e+02     1s
   8   2.64430414e+08  2.83801720e+08  2.25e-08 4.44e-16  1.11e+02     1s
   9   2.72862980e+08  2.81123558e+08  3.43e-08 4.44e-16  4.74e+01     2s
  10   2.75443136e+08  2.79135387e+08  2.39e-08 4.44e-16  2.11e+01     2s
  11   2.76251237e+08  2.78585392e+08  1.54e-08 4.44e-16  1.34e+01     2s
  12   2.76730794e+08  2.78406961e+08  1.59e-08 4.44e-16  9.59e+00     2s
  13   2.76923443e+08  2.78208865e+08  2.42e-08 4.44e-16  7.35e+00     2s
  14   2.77107323e+08  2.78034002e+08  2.73e-08 4.44e-16  5.30e+00     2s
  15   2.77371537e+08  2.77882864e+08  7.11e-08 4.44e-16  2.92e+00     2s
  16   2.77537447e+08  2.77846502e+08  1.41e-07 8.88e-16  1.77e+00     2s
  17   2.77564671e+08  2.77762623e+08  1.02e-07 4.44e-16  1.13e+00     3s
  18   2.77571695e+08  2.77748717e+08  1.07e-07 4.44e-16  1.01e+00     3s
  19   2.77584456e+08  2.77738244e+08  1.94e-07 4.44e-16  8.80e-01     3s
  20   2.77619452e+08  2.77726370e+08  2.98e-07 4.44e-16  6.12e-01     3s
  21   2.77630620e+08  2.77710425e+08  2.31e-07 4.44e-16  4.57e-01     3s
  22   2.77637768e+08  2.77689467e+08  1.78e-07 4.44e-16  2.96e-01     3s
  23   2.77642115e+08  2.77687079e+08  2.68e-07 2.22e-16  2.57e-01     4s
  24   2.77648942e+08  2.77680145e+08  2.17e-07 4.44e-16  1.78e-01     4s
  25   2.77651470e+08  2.77677903e+08  1.81e-07 4.44e-16  1.51e-01     4s
  26   2.77654099e+08  2.77675020e+08  1.44e-07 4.44e-16  1.20e-01     4s
  27   2.77656738e+08  2.77671800e+08  1.07e-07 4.44e-16  8.61e-02     4s
  28   2.77658723e+08  2.77670574e+08  7.84e-08 4.44e-16  6.78e-02     5s
  29   2.77659882e+08  2.77669520e+08  6.33e-08 4.44e-16  5.51e-02     5s
  30   2.77660502e+08  2.77669048e+08  5.54e-08 4.44e-16  4.89e-02     5s
  31   2.77660956e+08  2.77668388e+08  4.94e-08 8.88e-16  4.25e-02     5s
  32   2.77661155e+08  2.77668263e+08  4.64e-08 8.88e-16  4.07e-02     5s
  33   2.77661969e+08  2.77667922e+08  3.54e-08 8.88e-16  3.41e-02     6s
  34   2.77662369e+08  2.77667266e+08  2.96e-08 4.44e-16  2.80e-02     6s
  35   2.77662766e+08  2.77666957e+08  2.40e-08 4.44e-16  2.40e-02     6s
  36   2.77662896e+08  2.77666500e+08  2.21e-08 4.44e-16  2.06e-02     6s
  37   2.77663255e+08  2.77666162e+08  1.71e-08 4.44e-16  1.66e-02     7s
  38   2.77663549e+08  2.77665772e+08  1.30e-08 4.44e-16  1.27e-02     7s
  39   2.77663995e+08  2.77665540e+08  6.98e-09 3.33e-16  8.84e-03     7s
  40   2.77664184e+08  2.77665248e+08  4.47e-09 2.22e-16  6.09e-03     7s
  41   2.77664295e+08  2.77665035e+08  3.03e-09 4.44e-16  4.24e-03     7s
  42   2.77664363e+08  2.77664851e+08  2.12e-09 4.44e-16  2.79e-03     8s
  43   2.77664421e+08  2.77664822e+08  1.45e-09 2.22e-16  2.30e-03     8s
  44   2.77664443e+08  2.77664751e+08  1.17e-09 4.44e-16  1.76e-03     8s
  45   2.77664457e+08  2.77664697e+08  1.01e-09 4.44e-16  1.38e-03     8s
  46   2.77664493e+08  2.77664615e+08  5.89e-10 4.44e-16  6.99e-04     9s
  47   2.77664531e+08  2.77664583e+08  2.18e-10 4.44e-16  2.98e-04     9s
  48   2.77664533e+08  2.77664581e+08  1.75e-10 4.44e-16  2.71e-04     9s
  49   2.77664536e+08  2.77664574e+08  1.60e-10 4.44e-16  2.18e-04     9s
  50   2.77664540e+08  2.77664560e+08  7.79e-10 3.89e-16  1.16e-04     9s
  51   2.77664541e+08  2.77664558e+08  6.77e-10 1.51e-15  9.83e-05    10s
  52   2.77664542e+08  2.77664556e+08  1.70e-09 1.58e-15  7.79e-05    10s
  53   2.77664543e+08  2.77664554e+08  2.10e-09 1.39e-15  6.26e-05    10s
  54   2.77664543e+08  2.77664551e+08  1.24e-09 9.99e-16  4.60e-05    10s
  55   2.77664543e+08  2.77664544e+08  6.11e-10 1.30e-15  2.32e-06    11s
  56   2.77664543e+08  2.77664544e+08  5.73e-09 2.60e-12  4.50e-07    11s
  57   2.77664543e+08  2.77664543e+08  4.47e-08 8.95e-13  3.09e-09    11s

Barrier solved model in 57 iterations and 11.10 seconds (2.74 work units)
Optimal objective 2.77664543e+08

Crossover log...

   14385 DPushes remaining with DInf 0.0000000e+00                11s
       0 DPushes remaining with DInf 0.0000000e+00                11s

   15535 PPushes remaining with PInf 2.8710502e-04                11s
       0 PPushes remaining with PInf 0.0000000e+00                11s

  Push phase complete: Pinf 0.0000000e+00, Dinf 2.5830954e-02     11s

Iteration    Objective       Primal Inf.    Dual Inf.      Time
   21407    2.7766454e+08   0.000000e+00   2.583095e-02     11s

Solved with barrier
   21414    2.7766454e+08   0.000000e+00   0.000000e+00     12s

Solved in 21414 iterations and 11.60 seconds (3.40 work units)
Optimal objective  2.776645435e+08

