Solver command line: ['/usr/local/bin/gurobi.sh']

Set parameter Username
Academic license - for non-commercial use only - expires 2024-08-14
Read LP format model from file /var/folders/5f/nmqydr1d4jv76vhtqyys2b8c0000gn/T/tmpb2mxs63t.pyomo.lp
Reading time = 0.27 seconds
x1: 183954 rows, 105120 columns, 376664 nonzeros
Gurobi Optimizer version 10.0.2 build v10.0.2rc0 (mac64[rosetta2])

CPU model: Apple M2
Thread count: 8 physical cores, 8 logical processors, using up to 8 threads

Optimize a model with 183954 rows, 105120 columns and 376664 nonzeros
Model fingerprint: 0x4cc5e037
Coefficient statistics:
  Matrix range     [2e-01, 9e+04]
  Objective range  [5e-05, 1e+03]
  Bounds range     [0e+00, 0e+00]
  RHS range        [4e+01, 2e+07]
Presolve removed 96359 rows and 26282 columns
Presolve time: 0.12s
Presolved: 87595 rows, 78838 columns, 254024 nonzeros

Concurrent LP optimizer: primal simplex, dual simplex, and barrier
Showing barrier log only...

Ordering time: 0.01s

Barrier statistics:
 Dense cols : 3
 AA' NZ     : 3.504e+05
 Factor NZ  : 1.407e+06 (roughly 80 MB of memory)
 Factor Ops : 2.352e+07 (less than 1 second per iteration)
 Threads    : 6

                  Objective                Residual
Iter       Primal          Dual         Primal    Dual     Compl     Time
   0  -1.59365120e+09  1.46177002e+10  3.03e+05 9.45e-01  3.27e+06     0s
   1  -7.36712701e+07  1.37663239e+10  4.78e+04 2.19e+00  5.59e+05     0s
   2   1.30691669e+08  5.33406087e+09  4.23e+03 2.27e-01  7.09e+04     1s
   3   1.59834267e+08  8.49757763e+08  1.38e-07 2.65e-03  4.24e+03     1s
   4   2.16010800e+08  3.58180969e+08  7.86e-08 3.14e-04  8.35e+02     1s
   5   2.44239162e+08  3.28594216e+08  4.59e-08 2.16e-04  4.91e+02     1s
   6   2.53457544e+08  2.95071582e+08  4.33e-08 7.21e-05  2.40e+02     1s
   7   2.62282384e+08  2.93677327e+08  5.59e-08 6.12e-05  1.81e+02     1s
   8   2.68733201e+08  2.82438036e+08  4.01e-08 4.44e-16  7.85e+01     2s
   9   2.72734476e+08  2.80112141e+08  7.78e-08 4.44e-16  4.22e+01     2s
  10   2.73466017e+08  2.79553916e+08  9.58e-08 4.44e-16  3.48e+01     2s
  11   2.75425538e+08  2.79263379e+08  7.41e-08 4.44e-16  2.19e+01     2s
  12   2.76483246e+08  2.79055126e+08  8.34e-08 4.44e-16  1.47e+01     2s
  13   2.77333215e+08  2.78905099e+08  1.30e-07 3.33e-16  8.97e+00     2s
  14   2.77959794e+08  2.78774965e+08  1.45e-07 8.88e-16  4.65e+00     2s
  15   2.78346201e+08  2.78705903e+08  2.14e-07 4.44e-16  2.05e+00     3s
  16   2.78459212e+08  2.78679891e+08  8.94e-08 4.44e-16  1.26e+00     3s
  17   2.78540716e+08  2.78669576e+08  5.10e-08 4.44e-16  7.36e-01     3s
  18   2.78577142e+08  2.78663831e+08  3.32e-08 4.44e-16  4.95e-01     3s
  19   2.78611141e+08  2.78656079e+08  1.67e-08 4.44e-16  2.56e-01     3s
  20   2.78626940e+08  2.78653116e+08  9.26e-09 8.88e-16  1.49e-01     3s
  21   2.78632230e+08  2.78650068e+08  6.87e-09 4.44e-16  1.02e-01     4s
  22   2.78640084e+08  2.78649433e+08  3.09e-09 2.22e-16  5.34e-02     4s
  23   2.78641892e+08  2.78648615e+08  2.28e-09 8.88e-16  3.84e-02     4s
  24   2.78643672e+08  2.78648101e+08  1.46e-09 4.44e-16  2.53e-02     4s
  25   2.78644507e+08  2.78647780e+08  1.02e-09 4.44e-16  1.87e-02     4s
  26   2.78645012e+08  2.78647607e+08  8.00e-10 8.88e-16  1.48e-02     4s
  27   2.78645627e+08  2.78647340e+08  5.60e-10 4.44e-16  9.78e-03     5s
  28   2.78645961e+08  2.78647039e+08  3.86e-10 4.44e-16  6.16e-03     5s
  29   2.78646383e+08  2.78646972e+08  1.11e-09 7.44e-15  3.36e-03     5s
  30   2.78646518e+08  2.78646914e+08  7.64e-10 8.33e-15  2.26e-03     5s
  31   2.78646639e+08  2.78646857e+08  4.37e-10 6.05e-15  1.24e-03     5s
  32   2.78646738e+08  2.78646822e+08  1.75e-10 3.80e-14  4.80e-04     6s
  33   2.78646751e+08  2.78646814e+08  1.67e-10 3.03e-14  3.58e-04     6s
  34   2.78646785e+08  2.78646809e+08  2.33e-10 1.30e-13  1.38e-04     6s
  35   2.78646798e+08  2.78646806e+08  1.77e-09 8.26e-14  4.19e-05     6s
  36   2.78646803e+08  2.78646804e+08  1.66e-09 2.56e-13  9.10e-06     7s
  37   2.78646804e+08  2.78646804e+08  4.66e-10 7.46e-14  1.22e-06     7s
  38   2.78646804e+08  2.78646804e+08  1.94e-09 3.36e-15  3.84e-08     7s
  39   2.78646804e+08  2.78646804e+08  2.15e-09 4.32e-12  3.86e-10     7s

Barrier solved model in 39 iterations and 7.21 seconds (1.94 work units)
Optimal objective 2.78646804e+08

Crossover log...

    9485 DPushes remaining with DInf 0.0000000e+00                 7s
       0 DPushes remaining with DInf 0.0000000e+00                 7s

    5809 PPushes remaining with PInf 0.0000000e+00                 7s
       0 PPushes remaining with PInf 0.0000000e+00                 8s

  Push phase complete: Pinf 0.0000000e+00, Dinf 1.1620098e-12      8s


Solved with barrier
Iteration    Objective       Primal Inf.    Dual Inf.      Time
    9856    2.7864680e+08   0.000000e+00   0.000000e+00      8s

Solved in 9856 iterations and 7.64 seconds (2.52 work units)
Optimal objective  2.786468040e+08

